<?xml version="1.0" encoding="UTF-8"?>
<testng-results skipped="0" failed="0" ignored="0" total="1" passed="1">
  <reporter-output>
  </reporter-output>
  <suite name="Default suite" duration-ms="1652" started-at="2019-03-13T06:21:00Z" finished-at="2019-03-13T06:21:02Z">
    <groups>
    </groups>
    <test name="Default test" duration-ms="1652" started-at="2019-03-13T06:21:00Z" finished-at="2019-03-13T06:21:02Z">
      <class name="com.sample.HttpClientapiTest.TestClass">
        <test-method status="PASS" signature="setup()[pri:0, instance:com.sample.HttpClientapiTest.TestClass@3ffc5af1]" name="setup" is-config="true" duration-ms="10" started-at="2019-03-13T06:21:00Z" finished-at="2019-03-13T06:21:00Z">
          <reporter-output>
          </reporter-output>
        </test-method> <!-- setup -->
        <test-method status="PASS" signature="createRequest()[pri:0, instance:com.sample.HttpClientapiTest.TestClass@3ffc5af1]" name="createRequest" is-config="true" duration-ms="644" started-at="2019-03-13T06:21:00Z" finished-at="2019-03-13T06:21:01Z">
          <reporter-output>
          </reporter-output>
        </test-method> <!-- createRequest -->
        <test-method status="PASS" signature="test1()[pri:0, instance:com.sample.HttpClientapiTest.TestClass@3ffc5af1]" name="test1" duration-ms="982" started-at="2019-03-13T06:21:01Z" finished-at="2019-03-13T06:21:02Z">
          <reporter-output>
          </reporter-output>
        </test-method> <!-- test1 -->
      </class> <!-- com.sample.HttpClientapiTest.TestClass -->
    </test> <!-- Default test -->
  </suite> <!-- Default suite -->
</testng-results>
